2021-09-02 18:38:01.5143|MSI|DEBUG|Microsoft.AspNetCore.Hosting.Diagnostics|Microsoft.AspNetCore.Hosting.HostingLoggerExtensions.Starting|Hosting starting 
2021-09-02 18:38:01.9931|MSI|DEBUG|Microsoft.AspNetCore.Server.Kestrel.Core.KestrelServer|Microsoft.AspNetCore.Server.Kestrel.Core.Internal.LoggerExtensions.FailedToLocateDevelopmentCertificateFile|Failed to locate the development https certificate at '(null)'. 
2021-09-02 18:38:02.0440|MSI|DEBUG|Microsoft.AspNetCore.Server.Kestrel.Core.KestrelServer|Microsoft.AspNetCore.Server.Kestrel.Core.Internal.LoggerExtensions.LocatedDevelopmentCertificate|Using development certificate: CN=localhost (Thumbprint: 440FC03C52350CCCED65E4E2A805DB786892143B) 
2021-09-02 18:38:02.0711|MSI|DEBUG|Microsoft.AspNetCore.Hosting.Diagnostics|Microsoft.AspNetCore.Hosting.HostingLoggerExtensions.Started|Hosting started 
2021-09-02 18:38:02.0711|MSI|DEBUG|Microsoft.AspNetCore.Hosting.Diagnostics|Microsoft.AspNetCore.Hosting.WebHost.StartAsync|Loaded hosting startup assembly SqliteDapper.Demo 
2021-09-02 18:38:02.4518|MSI|DEBUG|Microsoft.AspNetCore.Server.Kestrel|Microsoft.AspNetCore.Server.Kestrel.Core.Internal.ConnectionDispatcher.StartAcceptingConnectionsCore|Connection id "0HMBDVMUPB7NK" accepted. 
2021-09-02 18:38:02.4518|MSI|DEBUG|Microsoft.AspNetCore.Server.Kestrel|Microsoft.AspNetCore.Server.Kestrel.Core.Internal.ConnectionDispatcher.StartAcceptingConnectionsCore|Connection id "0HMBDVMUPB7NJ" accepted. 
2021-09-02 18:38:02.4518|MSI|DEBUG|Microsoft.AspNetCore.Server.Kestrel|Microsoft.AspNetCore.Server.Kestrel.Core.Internal.Infrastructure.KestrelConnection.ExecuteAsync|Connection id "0HMBDVMUPB7NK" started. 
2021-09-02 18:38:02.4518|MSI|DEBUG|Microsoft.AspNetCore.Server.Kestrel|Microsoft.AspNetCore.Server.Kestrel.Core.Internal.Infrastructure.KestrelConnection.ExecuteAsync|Connection id "0HMBDVMUPB7NJ" started. 
2021-09-02 18:38:02.4742|MSI|DEBUG|Microsoft.AspNetCore.Server.Kestrel.Transport.Sockets|Microsoft.AspNetCore.Server.Kestrel.Transport.Sockets.Internal.SocketConnection.ProcessReceives|Connection id "0HMBDVMUPB7NK" received FIN. 
2021-09-02 18:38:02.4742|MSI|DEBUG|Microsoft.AspNetCore.Server.Kestrel.Transport.Sockets|Microsoft.AspNetCore.Server.Kestrel.Transport.Sockets.Internal.SocketConnection.ProcessReceives|Connection id "0HMBDVMUPB7NJ" received FIN. 
2021-09-02 18:38:02.4934|MSI|DEBUG|Microsoft.AspNetCore.Server.Kestrel.Https.Internal.HttpsConnectionMiddleware|Microsoft.AspNetCore.Server.Kestrel.Https.Internal.HttpsConnectionMiddleware.InnerOnConnectionAsync|Failed to authenticate HTTPS connection. System.IO.IOException: Authentication failed because the remote party has closed the transport stream.
   at System.Net.Security.SslStream.StartReadFrame(Byte[] buffer, Int32 readBytes, AsyncProtocolRequest asyncRequest)
   at System.Net.Security.SslStream.StartReceiveBlob(Byte[] buffer, AsyncProtocolRequest asyncRequest)
   at System.Net.Security.SslStream.ForceAuthentication(Boolean receiveFirst, Byte[] buffer, AsyncProtocolRequest asyncRequest)
   at System.Net.Security.SslStream.ProcessAuthentication(LazyAsyncResult lazyResult, CancellationToken cancellationToken)
   at System.Net.Security.SslStream.BeginAuthenticateAsServer(SslServerAuthenticationOptions sslServerAuthenticationOptions, CancellationToken cancellationToken, AsyncCallback asyncCallback, Object asyncState)
   at System.Net.Security.SslStream.<>c.<AuthenticateAsServerAsync>b__69_0(SslServerAuthenticationOptions arg1, CancellationToken arg2, AsyncCallback callback, Object state)
   at System.Threading.Tasks.TaskFactory`1.FromAsyncImpl[TArg1,TArg2](Func`5 beginMethod, Func`2 endFunction, Action`1 endAction, TArg1 arg1, TArg2 arg2, Object state, TaskCreationOptions creationOptions)
   at System.Threading.Tasks.TaskFactory.FromAsync[TArg1,TArg2](Func`5 beginMethod, Action`1 endMethod, TArg1 arg1, TArg2 arg2, Object state, TaskCreationOptions creationOptions)
   at System.Threading.Tasks.TaskFactory.FromAsync[TArg1,TArg2](Func`5 beginMethod, Action`1 endMethod, TArg1 arg1, TArg2 arg2, Object state)
   at System.Net.Security.SslStream.AuthenticateAsServerAsync(SslServerAuthenticationOptions sslServerAuthenticationOptions, CancellationToken cancellationToken)
   at Microsoft.AspNetCore.Server.Kestrel.Https.Internal.HttpsConnectionMiddleware.InnerOnConnectionAsync(ConnectionContext context)
2021-09-02 18:38:02.4934|MSI|DEBUG|Microsoft.AspNetCore.Server.Kestrel.Https.Internal.HttpsConnectionMiddleware|Microsoft.AspNetCore.Server.Kestrel.Https.Internal.HttpsConnectionMiddleware.InnerOnConnectionAsync|Failed to authenticate HTTPS connection. System.IO.IOException: Authentication failed because the remote party has closed the transport stream.
   at System.Net.Security.SslStream.StartReadFrame(Byte[] buffer, Int32 readBytes, AsyncProtocolRequest asyncRequest)
   at System.Net.Security.SslStream.StartReceiveBlob(Byte[] buffer, AsyncProtocolRequest asyncRequest)
   at System.Net.Security.SslStream.ForceAuthentication(Boolean receiveFirst, Byte[] buffer, AsyncProtocolRequest asyncRequest)
   at System.Net.Security.SslStream.ProcessAuthentication(LazyAsyncResult lazyResult, CancellationToken cancellationToken)
   at System.Net.Security.SslStream.BeginAuthenticateAsServer(SslServerAuthenticationOptions sslServerAuthenticationOptions, CancellationToken cancellationToken, AsyncCallback asyncCallback, Object asyncState)
   at System.Net.Security.SslStream.<>c.<AuthenticateAsServerAsync>b__69_0(SslServerAuthenticationOptions arg1, CancellationToken arg2, AsyncCallback callback, Object state)
   at System.Threading.Tasks.TaskFactory`1.FromAsyncImpl[TArg1,TArg2](Func`5 beginMethod, Func`2 endFunction, Action`1 endAction, TArg1 arg1, TArg2 arg2, Object state, TaskCreationOptions creationOptions)
   at System.Threading.Tasks.TaskFactory.FromAsync[TArg1,TArg2](Func`5 beginMethod, Action`1 endMethod, TArg1 arg1, TArg2 arg2, Object state, TaskCreationOptions creationOptions)
   at System.Threading.Tasks.TaskFactory.FromAsync[TArg1,TArg2](Func`5 beginMethod, Action`1 endMethod, TArg1 arg1, TArg2 arg2, Object state)
   at System.Net.Security.SslStream.AuthenticateAsServerAsync(SslServerAuthenticationOptions sslServerAuthenticationOptions, CancellationToken cancellationToken)
   at Microsoft.AspNetCore.Server.Kestrel.Https.Internal.HttpsConnectionMiddleware.InnerOnConnectionAsync(ConnectionContext context)
2021-09-02 18:38:02.5372|MSI|DEBUG|Microsoft.AspNetCore.Server.Kestrel|Microsoft.AspNetCore.Server.Kestrel.Core.Internal.Infrastructure.KestrelConnection+<ExecuteAsync>d__32.MoveNext|Connection id "0HMBDVMUPB7NK" stopped. 
2021-09-02 18:38:02.5372|MSI|DEBUG|Microsoft.AspNetCore.Server.Kestrel|Microsoft.AspNetCore.Server.Kestrel.Core.Internal.Infrastructure.KestrelConnection+<ExecuteAsync>d__32.MoveNext|Connection id "0HMBDVMUPB7NJ" stopped. 
2021-09-02 18:38:02.5372|MSI|DEBUG|Microsoft.AspNetCore.Server.Kestrel.Transport.Sockets|Microsoft.AspNetCore.Server.Kestrel.Transport.Sockets.Internal.SocketConnection.Shutdown|Connection id "0HMBDVMUPB7NJ" sending FIN because: "The Socket transport's send loop completed gracefully." 
2021-09-02 18:38:02.5372|MSI|DEBUG|Microsoft.AspNetCore.Server.Kestrel.Transport.Sockets|Microsoft.AspNetCore.Server.Kestrel.Transport.Sockets.Internal.SocketConnection.Shutdown|Connection id "0HMBDVMUPB7NK" sending FIN because: "The Socket transport's send loop completed gracefully." 
2021-09-02 18:38:02.9391|MSI|DEBUG|Microsoft.AspNetCore.Server.Kestrel|Microsoft.AspNetCore.Server.Kestrel.Core.Internal.ConnectionDispatcher.StartAcceptingConnectionsCore|Connection id "0HMBDVMUPB7NL" accepted. 
2021-09-02 18:38:02.9422|MSI|DEBUG|Microsoft.AspNetCore.Server.Kestrel|Microsoft.AspNetCore.Server.Kestrel.Core.Internal.Infrastructure.KestrelConnection.ExecuteAsync|Connection id "0HMBDVMUPB7NL" started. 
2021-09-02 18:38:03.2627|MSI|TRACE|Microsoft.AspNetCore.Server.Kestrel|Microsoft.AspNetCore.Server.Kestrel.Core.Internal.Http2.Http2FrameWriter.WriteHeaderUnsynchronized|Connection id "0HMBDVMUPB7NL" sending SETTINGS frame for stream ID 0 with length 18 and flags NONE 
2021-09-02 18:38:03.2784|MSI|TRACE|Microsoft.AspNetCore.Server.Kestrel|Microsoft.AspNetCore.Server.Kestrel.Core.Internal.Http2.Http2FrameWriter.WriteHeaderUnsynchronized|Connection id "0HMBDVMUPB7NL" sending WINDOW_UPDATE frame for stream ID 0 with length 4 and flags 0x0 
2021-09-02 18:38:03.2784|MSI|TRACE|Microsoft.AspNetCore.Server.Kestrel|Microsoft.AspNetCore.Server.Kestrel.Core.Internal.Http2.Http2Connection.ProcessRequestsAsync|Connection id "0HMBDVMUPB7NL" received SETTINGS frame for stream ID 0 with length 24 and flags NONE 
2021-09-02 18:38:03.2784|MSI|TRACE|Microsoft.AspNetCore.Server.Kestrel|Microsoft.AspNetCore.Server.Kestrel.Core.Internal.Http2.Http2FrameWriter.WriteHeaderUnsynchronized|Connection id "0HMBDVMUPB7NL" sending SETTINGS frame for stream ID 0 with length 0 and flags ACK 
2021-09-02 18:38:03.2784|MSI|TRACE|Microsoft.AspNetCore.Server.Kestrel|Microsoft.AspNetCore.Server.Kestrel.Core.Internal.Http2.Http2Connection.ProcessRequestsAsync|Connection id "0HMBDVMUPB7NL" received WINDOW_UPDATE frame for stream ID 0 with length 4 and flags 0x0 
2021-09-02 18:38:03.2784|MSI|TRACE|Microsoft.AspNetCore.Server.Kestrel|Microsoft.AspNetCore.Server.Kestrel.Core.Internal.Http2.Http2Connection.ProcessRequestsAsync|Connection id "0HMBDVMUPB7NL" received HEADERS frame for stream ID 1 with length 660 and flags END_STREAM, END_HEADERS, PRIORITY 
2021-09-02 18:38:03.3079|MSI|TRACE|Microsoft.AspNetCore.Server.Kestrel|Microsoft.AspNetCore.Server.Kestrel.Core.Internal.Http2.Http2Connection.ProcessRequestsAsync|Connection id "0HMBDVMUPB7NL" received SETTINGS frame for stream ID 0 with length 0 and flags ACK 
2021-09-02 18:38:03.3253|MSI|INFO|Microsoft.AspNetCore.Hosting.Diagnostics|Microsoft.AspNetCore.Hosting.HostingApplicationDiagnostics.LogRequestStarting|Request starting HTTP/2 GET https://localhost:5001/weatherforecast   
2021-09-02 18:38:03.4294|MSI|DEBUG|Microsoft.AspNetCore.HostFiltering.HostFilteringMiddleware|Microsoft.AspNetCore.HostFiltering.LoggerExtensions.WildcardDetected|Wildcard detected, all requests with hosts will be allowed. 
2021-09-02 18:38:03.4294|MSI|TRACE|Microsoft.AspNetCore.HostFiltering.HostFilteringMiddleware|Microsoft.AspNetCore.HostFiltering.LoggerExtensions.AllHostsAllowed|All hosts are allowed. 
2021-09-02 18:38:03.4867|MSI|DEBUG|Microsoft.AspNetCore.Routing.Matching.DfaMatcher|Microsoft.AspNetCore.Routing.Matching.DfaMatcher+Logger.CandidatesFound|1 candidate(s) found for the request path '/weatherforecast' 
2021-09-02 18:38:03.4913|MSI|DEBUG|Microsoft.AspNetCore.Routing.Matching.DfaMatcher|Microsoft.AspNetCore.Routing.Matching.DfaMatcher+Logger.CandidateValid|Endpoint 'SqliteDapper.Demo.Controllers.WeatherForecastController.Get (SqliteDapper.Demo)' with route pattern 'WeatherForecast' is valid for the request path '/weatherforecast' 
2021-09-02 18:38:03.4913|MSI|DEBUG|Microsoft.AspNetCore.Routing.EndpointRoutingMiddleware|Microsoft.AspNetCore.Routing.EndpointRoutingMiddleware+Log.MatchSuccess|Request matched endpoint 'SqliteDapper.Demo.Controllers.WeatherForecastController.Get (SqliteDapper.Demo)' 
2021-09-02 18:38:03.4913|MSI|INFO|Microsoft.AspNetCore.Routing.EndpointMiddleware|Microsoft.AspNetCore.Routing.EndpointMiddleware+Log.ExecutingEndpoint|Executing endpoint 'SqliteDapper.Demo.Controllers.WeatherForecastController.Get (SqliteDapper.Demo)' 
2021-09-02 18:38:03.5104|MSI|DEBUG|Microsoft.AspNetCore.Mvc.ModelBinding.ModelBinderFactory|Microsoft.AspNetCore.Mvc.MvcCoreLoggerExtensions.RegisteredModelBinderProviders|Registered model binder providers, in the following order: Microsoft.AspNetCore.Mvc.ModelBinding.Binders.BinderTypeModelBinderProvider, Microsoft.AspNetCore.Mvc.ModelBinding.Binders.ServicesModelBinderProvider, Microsoft.AspNetCore.Mvc.ModelBinding.Binders.BodyModelBinderProvider, Microsoft.AspNetCore.Mvc.ModelBinding.Binders.HeaderModelBinderProvider, Microsoft.AspNetCore.Mvc.ModelBinding.Binders.FloatingPointTypeModelBinderProvider, Microsoft.AspNetCore.Mvc.ModelBinding.Binders.EnumTypeModelBinderProvider, Microsoft.AspNetCore.Mvc.ModelBinding.Binders.SimpleTypeModelBinderProvider, Microsoft.AspNetCore.Mvc.ModelBinding.Binders.CancellationTokenModelBinderProvider, Microsoft.AspNetCore.Mvc.ModelBinding.Binders.ByteArrayModelBinderProvider, Microsoft.AspNetCore.Mvc.ModelBinding.Binders.FormFileModelBinderProvider, Microsoft.AspNetCore.Mvc.ModelBinding.Binders.FormCollectionModelBinderProvider, Microsoft.AspNetCore.Mvc.ModelBinding.Binders.KeyValuePairModelBinderProvider, Microsoft.AspNetCore.Mvc.ModelBinding.Binders.DictionaryModelBinderProvider, Microsoft.AspNetCore.Mvc.ModelBinding.Binders.ArrayModelBinderProvider, Microsoft.AspNetCore.Mvc.ModelBinding.Binders.CollectionModelBinderProvider, Microsoft.AspNetCore.Mvc.ModelBinding.Binders.ComplexTypeModelBinderProvider 
2021-09-02 18:38:03.5472|MSI|INFO|Microsoft.AspNetCore.Mvc.Infrastructure.ControllerActionInvoker|Microsoft.AspNetCore.Mvc.MvcCoreLoggerExtensions.ExecutingAction|Route matched with {action = "Get", controller = "WeatherForecast"}. Executing controller action with signature System.Collections.Generic.IEnumerable`1[SqliteDapper.Demo.WeatherForecast] Get() on controller SqliteDapper.Demo.Controllers.WeatherForecastController (SqliteDapper.Demo). 
2021-09-02 18:38:03.5472|MSI|DEBUG|Microsoft.AspNetCore.Mvc.Infrastructure.ControllerActionInvoker|Microsoft.AspNetCore.Mvc.MvcCoreLoggerExtensions.LogFilterExecutionPlan|Execution plan of authorization filters (in the following order): None 
2021-09-02 18:38:03.5515|MSI|DEBUG|Microsoft.AspNetCore.Mvc.Infrastructure.ControllerActionInvoker|Microsoft.AspNetCore.Mvc.MvcCoreLoggerExtensions.LogFilterExecutionPlan|Execution plan of resource filters (in the following order): None 
2021-09-02 18:38:03.5515|MSI|DEBUG|Microsoft.AspNetCore.Mvc.Infrastructure.ControllerActionInvoker|Microsoft.AspNetCore.Mvc.MvcCoreLoggerExtensions.LogFilterExecutionPlan|Execution plan of action filters (in the following order): Microsoft.AspNetCore.Mvc.ModelBinding.UnsupportedContentTypeFilter (Order: -3000), Microsoft.AspNetCore.Mvc.Infrastructure.ModelStateInvalidFilter (Order: -2000) 
2021-09-02 18:38:03.5515|MSI|DEBUG|Microsoft.AspNetCore.Mvc.Infrastructure.ControllerActionInvoker|Microsoft.AspNetCore.Mvc.MvcCoreLoggerExtensions.LogFilterExecutionPlan|Execution plan of exception filters (in the following order): None 
2021-09-02 18:38:03.5515|MSI|DEBUG|Microsoft.AspNetCore.Mvc.Infrastructure.ControllerActionInvoker|Microsoft.AspNetCore.Mvc.MvcCoreLoggerExtensions.LogFilterExecutionPlan|Execution plan of result filters (in the following order): Microsoft.AspNetCore.Mvc.Infrastructure.ClientErrorResultFilter (Order: -2000) 
2021-09-02 18:38:03.5515|MSI|DEBUG|Microsoft.AspNetCore.Mvc.Infrastructure.ControllerActionInvoker|Microsoft.AspNetCore.Mvc.MvcCoreLoggerExtensions.ExecutingControllerFactory|Executing controller factory for controller SqliteDapper.Demo.Controllers.WeatherForecastController (SqliteDapper.Demo) 
2021-09-02 18:38:03.5515|MSI|DEBUG|Microsoft.AspNetCore.Mvc.Infrastructure.ControllerActionInvoker|Microsoft.AspNetCore.Mvc.MvcCoreLoggerExtensions.ExecutedControllerFactory|Executed controller factory for controller SqliteDapper.Demo.Controllers.WeatherForecastController (SqliteDapper.Demo) 
2021-09-02 18:38:03.5515|MSI|TRACE|Microsoft.AspNetCore.Mvc.Infrastructure.ControllerActionInvoker|Microsoft.AspNetCore.Mvc.MvcCoreLoggerExtensions.BeforeExecutingMethodOnFilter|Action Filter: Before executing OnActionExecuting on filter Microsoft.AspNetCore.Mvc.ModelBinding.UnsupportedContentTypeFilter. 
2021-09-02 18:38:03.5515|MSI|TRACE|Microsoft.AspNetCore.Mvc.Infrastructure.ControllerActionInvoker|Microsoft.AspNetCore.Mvc.MvcCoreLoggerExtensions.AfterExecutingMethodOnFilter|Action Filter: After executing OnActionExecuting on filter Microsoft.AspNetCore.Mvc.ModelBinding.UnsupportedContentTypeFilter. 
2021-09-02 18:38:03.5515|MSI|TRACE|Microsoft.AspNetCore.Mvc.Infrastructure.ControllerActionInvoker|Microsoft.AspNetCore.Mvc.MvcCoreLoggerExtensions.BeforeExecutingMethodOnFilter|Action Filter: Before executing OnActionExecuting on filter Microsoft.AspNetCore.Mvc.Infrastructure.ModelStateInvalidFilter. 
2021-09-02 18:38:03.5515|MSI|TRACE|Microsoft.AspNetCore.Mvc.Infrastructure.ControllerActionInvoker|Microsoft.AspNetCore.Mvc.MvcCoreLoggerExtensions.AfterExecutingMethodOnFilter|Action Filter: After executing OnActionExecuting on filter Microsoft.AspNetCore.Mvc.Infrastructure.ModelStateInvalidFilter. 
2021-09-02 18:38:03.5693|MSI|INFO|Microsoft.AspNetCore.Mvc.Infrastructure.ControllerActionInvoker|Microsoft.AspNetCore.Mvc.MvcCoreLoggerExtensions.ActionMethodExecuting|Executing action method SqliteDapper.Demo.Controllers.WeatherForecastController.Get (SqliteDapper.Demo) - Validation state: Valid 
2021-09-02 18:38:03.5693|MSI|INFO|Microsoft.AspNetCore.Mvc.Infrastructure.ControllerActionInvoker|Microsoft.AspNetCore.Mvc.MvcCoreLoggerExtensions.ActionMethodExecuted|Executed action method SqliteDapper.Demo.Controllers.WeatherForecastController.Get (SqliteDapper.Demo), returned result Microsoft.AspNetCore.Mvc.ObjectResult in 2.7062ms. 
2021-09-02 18:38:03.5693|MSI|TRACE|Microsoft.AspNetCore.Mvc.Infrastructure.ControllerActionInvoker|Microsoft.AspNetCore.Mvc.MvcCoreLoggerExtensions.BeforeExecutingMethodOnFilter|Action Filter: Before executing OnActionExecuted on filter Microsoft.AspNetCore.Mvc.Infrastructure.ModelStateInvalidFilter. 
2021-09-02 18:38:03.5693|MSI|TRACE|Microsoft.AspNetCore.Mvc.Infrastructure.ControllerActionInvoker|Microsoft.AspNetCore.Mvc.MvcCoreLoggerExtensions.AfterExecutingMethodOnFilter|Action Filter: After executing OnActionExecuted on filter Microsoft.AspNetCore.Mvc.Infrastructure.ModelStateInvalidFilter. 
2021-09-02 18:38:03.5821|MSI|TRACE|Microsoft.AspNetCore.Mvc.Infrastructure.ControllerActionInvoker|Microsoft.AspNetCore.Mvc.MvcCoreLoggerExtensions.BeforeExecutingMethodOnFilter|Action Filter: Before executing OnActionExecuted on filter Microsoft.AspNetCore.Mvc.ModelBinding.UnsupportedContentTypeFilter. 
2021-09-02 18:38:03.5821|MSI|TRACE|Microsoft.AspNetCore.Mvc.Infrastructure.ControllerActionInvoker|Microsoft.AspNetCore.Mvc.MvcCoreLoggerExtensions.AfterExecutingMethodOnFilter|Action Filter: After executing OnActionExecuted on filter Microsoft.AspNetCore.Mvc.ModelBinding.UnsupportedContentTypeFilter. 
2021-09-02 18:38:03.5821|MSI|TRACE|Microsoft.AspNetCore.Mvc.Infrastructure.ControllerActionInvoker|Microsoft.AspNetCore.Mvc.MvcCoreLoggerExtensions.BeforeExecutingMethodOnFilter|Result Filter: Before executing OnResultExecuting on filter Microsoft.AspNetCore.Mvc.Infrastructure.ClientErrorResultFilter. 
2021-09-02 18:38:03.5821|MSI|TRACE|Microsoft.AspNetCore.Mvc.Infrastructure.ControllerActionInvoker|Microsoft.AspNetCore.Mvc.MvcCoreLoggerExtensions.AfterExecutingMethodOnFilter|Result Filter: After executing OnResultExecuting on filter Microsoft.AspNetCore.Mvc.Infrastructure.ClientErrorResultFilter. 
2021-09-02 18:38:03.5821|MSI|TRACE|Microsoft.AspNetCore.Mvc.Infrastructure.ControllerActionInvoker|Microsoft.AspNetCore.Mvc.MvcCoreLoggerExtensions.BeforeExecutingActionResult|Before executing action result Microsoft.AspNetCore.Mvc.ObjectResult. 
2021-09-02 18:38:03.5821|MSI|DEBUG|Microsoft.AspNetCore.Mvc.Infrastructure.DefaultOutputFormatterSelector|Microsoft.AspNetCore.Mvc.MvcCoreLoggerExtensions.RegisteredOutputFormatters|List of registered output formatters, in the following order: Microsoft.AspNetCore.Mvc.Formatters.HttpNoContentOutputFormatter, Microsoft.AspNetCore.Mvc.Formatters.StringOutputFormatter, Microsoft.AspNetCore.Mvc.Formatters.StreamOutputFormatter, Microsoft.AspNetCore.Mvc.Formatters.SystemTextJsonOutputFormatter 
2021-09-02 18:38:03.5821|MSI|DEBUG|Microsoft.AspNetCore.Mvc.Infrastructure.DefaultOutputFormatterSelector|Microsoft.AspNetCore.Mvc.MvcCoreLoggerExtensions.NoAcceptForNegotiation|No information found on request to perform content negotiation. 
2021-09-02 18:38:03.5821|MSI|DEBUG|Microsoft.AspNetCore.Mvc.Infrastructure.DefaultOutputFormatterSelector|Microsoft.AspNetCore.Mvc.MvcCoreLoggerExtensions.SelectingOutputFormatterWithoutUsingContentTypes|Attempting to select an output formatter without using a content type as no explicit content types were specified for the response. 
2021-09-02 18:38:03.5821|MSI|DEBUG|Microsoft.AspNetCore.Mvc.Infrastructure.DefaultOutputFormatterSelector|Microsoft.AspNetCore.Mvc.MvcCoreLoggerExtensions.SelectFirstCanWriteFormatter|Attempting to select the first formatter in the output formatters list which can write the result. 
2021-09-02 18:38:03.5821|MSI|DEBUG|Microsoft.AspNetCore.Mvc.Infrastructure.DefaultOutputFormatterSelector|Microsoft.AspNetCore.Mvc.MvcCoreLoggerExtensions.FormatterSelected|Selected output formatter 'Microsoft.AspNetCore.Mvc.Formatters.SystemTextJsonOutputFormatter' and content type 'application/json' to write the response. 
2021-09-02 18:38:03.5821|MSI|INFO|Microsoft.AspNetCore.Mvc.Infrastructure.ObjectResultExecutor|Microsoft.AspNetCore.Mvc.MvcCoreLoggerExtensions.ObjectResultExecuting|Executing ObjectResult, writing value of type 'SqliteDapper.Demo.WeatherForecast[]'. 
2021-09-02 18:38:03.6694|MSI|TRACE|Microsoft.AspNetCore.Server.Kestrel|Microsoft.AspNetCore.Server.Kestrel.Core.Internal.Http2.Http2FrameWriter.WriteHeaderUnsynchronized|Connection id "0HMBDVMUPB7NL" sending HEADERS frame for stream ID 1 with length 99 and flags END_HEADERS 
2021-09-02 18:38:03.6694|MSI|TRACE|Microsoft.AspNetCore.Server.Kestrel|Microsoft.AspNetCore.Server.Kestrel.Core.Internal.Http2.Http2FrameWriter.WriteHeaderUnsynchronized|Connection id "0HMBDVMUPB7NL" sending DATA frame for stream ID 1 with length 502 and flags NONE 
2021-09-02 18:38:03.6767|MSI|TRACE|Microsoft.AspNetCore.Mvc.Infrastructure.ControllerActionInvoker|Microsoft.AspNetCore.Mvc.MvcCoreLoggerExtensions.AfterExecutingActionResult|After executing action result Microsoft.AspNetCore.Mvc.ObjectResult. 
2021-09-02 18:38:03.6767|MSI|TRACE|Microsoft.AspNetCore.Mvc.Infrastructure.ControllerActionInvoker|Microsoft.AspNetCore.Mvc.MvcCoreLoggerExtensions.BeforeExecutingMethodOnFilter|Result Filter: Before executing OnResultExecuted on filter Microsoft.AspNetCore.Mvc.Infrastructure.ClientErrorResultFilter. 
2021-09-02 18:38:03.6767|MSI|TRACE|Microsoft.AspNetCore.Mvc.Infrastructure.ControllerActionInvoker|Microsoft.AspNetCore.Mvc.MvcCoreLoggerExtensions.AfterExecutingMethodOnFilter|Result Filter: After executing OnResultExecuted on filter Microsoft.AspNetCore.Mvc.Infrastructure.ClientErrorResultFilter. 
2021-09-02 18:38:03.6928|MSI|INFO|Microsoft.AspNetCore.Mvc.Infrastructure.ControllerActionInvoker|Microsoft.AspNetCore.Mvc.MvcCoreLoggerExtensions.ExecutedAction|Executed action SqliteDapper.Demo.Controllers.WeatherForecastController.Get (SqliteDapper.Demo) in 130.1768ms 
2021-09-02 18:38:03.6928|MSI|INFO|Microsoft.AspNetCore.Routing.EndpointMiddleware|Microsoft.AspNetCore.Routing.EndpointMiddleware+Log.ExecutedEndpoint|Executed endpoint 'SqliteDapper.Demo.Controllers.WeatherForecastController.Get (SqliteDapper.Demo)' 
2021-09-02 18:38:03.6928|MSI|TRACE|Microsoft.AspNetCore.Server.Kestrel|Microsoft.AspNetCore.Server.Kestrel.Core.Internal.Http2.Http2FrameWriter.WriteHeaderUnsynchronized|Connection id "0HMBDVMUPB7NL" sending DATA frame for stream ID 1 with length 0 and flags END_STREAM 
2021-09-02 18:38:03.6928|MSI|INFO|Microsoft.AspNetCore.Hosting.Diagnostics|Microsoft.AspNetCore.Hosting.HostingApplicationDiagnostics.LogRequestFinished|Request finished in 381.0374ms 200 application/json; charset=utf-8 
